22:37:33.388 INFO  =-=-=-=-=-=-=- Loading command(s) -=-=-=-=-=-=-= 
22:37:34.224 INFO  -=-=-=-=-=-=-=-=-=-=-=-=-=-=-=-=-=-=-=-=-=-=-=-=-=-=-=-= 
22:37:34.224 INFO  ✨・SunnyLifeRP#1850, ready to watch [14] users in [1] servers. 
22:37:34.225 INFO  -=-=-=-=-=-=-=-=-=-=-=-=-=-=-=-=-=-=-=-=-=-=-=-=-=-=-=-= 
22:37:51.175 ERROR Unhandled promise rejection: message.member.hasPermission is not a function. 
22:38:31.011 INFO  =-=-=-=-=-=-=- Loading command(s) -=-=-=-=-=-=-= 
22:38:31.700 INFO  -=-=-=-=-=-=-=-=-=-=-=-=-=-=-=-=-=-=-=-=-=-=-=-=-=-=-=-= 
22:38:31.701 INFO  ✨・SunnyLifeRP#1850, ready to watch [14] users in [1] servers. 
22:38:31.701 INFO  -=-=-=-=-=-=-=-=-=-=-=-=-=-=-=-=-=-=-=-=-=-=-=-=-=-=-=-= 
22:38:41.842 INFO  =-=-=-=-=-=-=- Loading command(s) -=-=-=-=-=-=-= 
22:38:42.700 INFO  -=-=-=-=-=-=-=-=-=-=-=-=-=-=-=-=-=-=-=-=-=-=-=-=-=-=-=-= 
22:38:42.701 INFO  ✨・SunnyLifeRP#1850, ready to watch [14] users in [1] servers. 
22:38:42.701 INFO  -=-=-=-=-=-=-=-=-=-=-=-=-=-=-=-=-=-=-=-=-=-=-=-=-=-=-=-= 
22:38:58.005 INFO  =-=-=-=-=-=-=- Loading command(s) -=-=-=-=-=-=-= 
22:38:59.168 INFO  -=-=-=-=-=-=-=-=-=-=-=-=-=-=-=-=-=-=-=-=-=-=-=-=-=-=-=-= 
22:38:59.168 INFO  ✨・SunnyLifeRP#1850, ready to watch [14] users in [1] servers. 
22:38:59.169 INFO  -=-=-=-=-=-=-=-=-=-=-=-=-=-=-=-=-=-=-=-=-=-=-=-=-=-=-=-= 
22:40:05.550 INFO  =-=-=-=-=-=-=- Loading command(s) -=-=-=-=-=-=-= 
22:40:06.269 INFO  -=-=-=-=-=-=-=-=-=-=-=-=-=-=-=-=-=-=-=-=-=-=-=-=-=-=-=-= 
22:40:06.270 INFO  ✨・SunnyLifeRP#1850, ready to watch [14] users in [1] servers. 
22:40:06.270 INFO  -=-=-=-=-=-=-=-=-=-=-=-=-=-=-=-=-=-=-=-=-=-=-=-=-=-=-=-= 
22:40:20.024 INFO  =-=-=-=-=-=-=- Loading command(s) -=-=-=-=-=-=-= 
22:40:20.805 INFO  -=-=-=-=-=-=-=-=-=-=-=-=-=-=-=-=-=-=-=-=-=-=-=-=-=-=-=-= 
22:40:20.805 INFO  ✨・SunnyLifeRP#1850, ready to watch [14] users in [1] servers. 
22:40:20.806 INFO  -=-=-=-=-=-=-=-=-=-=-=-=-=-=-=-=-=-=-=-=-=-=-=-=-=-=-=-= 
22:40:28.755 ERROR Unhandled promise rejection: Cannot read properties of undefined (reading 'activities'). 
22:41:13.090 INFO  =-=-=-=-=-=-=- Loading command(s) -=-=-=-=-=-=-= 
22:41:13.819 INFO  -=-=-=-=-=-=-=-=-=-=-=-=-=-=-=-=-=-=-=-=-=-=-=-=-=-=-=-= 
22:41:13.819 INFO  ✨・SunnyLifeRP#1850, ready to watch [14] users in [1] servers. 
22:41:13.820 INFO  -=-=-=-=-=-=-=-=-=-=-=-=-=-=-=-=-=-=-=-=-=-=-=-=-=-=-=-= 
22:42:02.196 INFO  =-=-=-=-=-=-=- Loading command(s) -=-=-=-=-=-=-= 
22:42:02.843 INFO  =-=-=-=-=-=-=- Loading command(s) -=-=-=-=-=-=-= 
22:42:03.679 INFO  -=-=-=-=-=-=-=-=-=-=-=-=-=-=-=-=-=-=-=-=-=-=-=-=-=-=-=-= 
22:42:03.680 INFO  ✨・SunnyLifeRP#1850, ready to watch [14] users in [1] servers. 
22:42:03.680 INFO  -=-=-=-=-=-=-=-=-=-=-=-=-=-=-=-=-=-=-=-=-=-=-=-=-=-=-=-= 
22:42:35.651 INFO  =-=-=-=-=-=-=- Loading command(s) -=-=-=-=-=-=-= 
22:42:36.477 INFO  -=-=-=-=-=-=-=-=-=-=-=-=-=-=-=-=-=-=-=-=-=-=-=-=-=-=-=-= 
22:42:36.477 INFO  ✨・SunnyLifeRP#1850, ready to watch [14] users in [1] servers. 
22:42:36.478 INFO  -=-=-=-=-=-=-=-=-=-=-=-=-=-=-=-=-=-=-=-=-=-=-=-=-=-=-=-= 
22:43:56.406 INFO  =-=-=-=-=-=-=- Loading command(s) -=-=-=-=-=-=-= 
22:43:57.191 INFO  -=-=-=-=-=-=-=-=-=-=-=-=-=-=-=-=-=-=-=-=-=-=-=-=-=-=-=-= 
22:43:57.192 INFO  ✨・SunnyLifeRP#1850, ready to watch [14] users in [1] servers. 
22:43:57.192 INFO  -=-=-=-=-=-=-=-=-=-=-=-=-=-=-=-=-=-=-=-=-=-=-=-=-=-=-=-= 
22:44:37.303 INFO  =-=-=-=-=-=-=- Loading command(s) -=-=-=-=-=-=-= 
22:44:38.053 INFO  -=-=-=-=-=-=-=-=-=-=-=-=-=-=-=-=-=-=-=-=-=-=-=-=-=-=-=-= 
22:44:38.054 INFO  ✨・SunnyLifeRP#1850, ready to watch [14] users in [1] servers. 
22:44:38.054 INFO  -=-=-=-=-=-=-=-=-=-=-=-=-=-=-=-=-=-=-=-=-=-=-=-=-=-=-=-= 
22:45:44.106 INFO  =-=-=-=-=-=-=- Loading command(s) -=-=-=-=-=-=-= 
22:45:44.822 INFO  -=-=-=-=-=-=-=-=-=-=-=-=-=-=-=-=-=-=-=-=-=-=-=-=-=-=-=-= 
22:45:44.822 INFO  ✨・SunnyLifeRP#1850, ready to watch [14] users in [1] servers. 
22:45:44.823 INFO  -=-=-=-=-=-=-=-=-=-=-=-=-=-=-=-=-=-=-=-=-=-=-=-=-=-=-=-= 
22:45:48.153 INFO  =-=-=-=-=-=-=- Loading command(s) -=-=-=-=-=-=-= 
22:45:54.976 INFO  -=-=-=-=-=-=-=-=-=-=-=-=-=-=-=-=-=-=-=-=-=-=-=-=-=-=-=-= 
22:45:54.976 INFO  ✨・SunnyLifeRP#1850, ready to watch [14] users in [1] servers. 
22:45:54.977 INFO  -=-=-=-=-=-=-=-=-=-=-=-=-=-=-=-=-=-=-=-=-=-=-=-=-=-=-=-= 
22:46:04.424 INFO  =-=-=-=-=-=-=- Loading command(s) -=-=-=-=-=-=-= 
22:46:05.219 INFO  -=-=-=-=-=-=-=-=-=-=-=-=-=-=-=-=-=-=-=-=-=-=-=-=-=-=-=-= 
22:46:05.219 INFO  ✨・SunnyLifeRP#1850, ready to watch [14] users in [1] servers. 
22:46:05.219 INFO  -=-=-=-=-=-=-=-=-=-=-=-=-=-=-=-=-=-=-=-=-=-=-=-=-=-=-=-= 
22:46:10.739 INFO  =-=-=-=-=-=-=- Loading command(s) -=-=-=-=-=-=-= 
22:46:11.500 INFO  -=-=-=-=-=-=-=-=-=-=-=-=-=-=-=-=-=-=-=-=-=-=-=-=-=-=-=-= 
22:46:11.501 INFO  ✨・SunnyLifeRP#1850, ready to watch [14] users in [1] servers. 
22:46:11.501 INFO  -=-=-=-=-=-=-=-=-=-=-=-=-=-=-=-=-=-=-=-=-=-=-=-=-=-=-=-= 
22:47:34.341 INFO  =-=-=-=-=-=-=- Loading command(s) -=-=-=-=-=-=-= 
22:47:35.073 INFO  -=-=-=-=-=-=-=-=-=-=-=-=-=-=-=-=-=-=-=-=-=-=-=-=-=-=-=-= 
22:47:35.073 INFO  ✨・SunnyLifeRP#1850, ready to watch [14] users in [1] servers. 
22:47:35.074 INFO  -=-=-=-=-=-=-=-=-=-=-=-=-=-=-=-=-=-=-=-=-=-=-=-=-=-=-=-= 
22:47:44.828 ERROR Unhandled promise rejection: Supplied roles is not a Role, Snowflake or Array or Collection of Roles or Snowflakes.. 
22:48:10.210 INFO  =-=-=-=-=-=-=- Loading command(s) -=-=-=-=-=-=-= 
22:48:11.023 INFO  -=-=-=-=-=-=-=-=-=-=-=-=-=-=-=-=-=-=-=-=-=-=-=-=-=-=-=-= 
22:48:11.023 INFO  ✨・SunnyLifeRP#1850, ready to watch [14] users in [1] servers. 
22:48:11.024 INFO  -=-=-=-=-=-=-=-=-=-=-=-=-=-=-=-=-=-=-=-=-=-=-=-=-=-=-=-= 
22:48:43.300 ERROR Unhandled promise rejection: Unknown interaction. 
22:49:09.038 ERROR Unhandled promise rejection: Unknown interaction. 
22:49:11.356 ERROR Unhandled promise rejection: Unknown interaction. 
22:49:23.072 INFO  =-=-=-=-=-=-=- Loading command(s) -=-=-=-=-=-=-= 
22:49:23.931 INFO  -=-=-=-=-=-=-=-=-=-=-=-=-=-=-=-=-=-=-=-=-=-=-=-=-=-=-=-= 
22:49:23.932 INFO  ✨・SunnyLifeRP#1850, ready to watch [14] users in [1] servers. 
22:49:23.932 INFO  -=-=-=-=-=-=-=-=-=-=-=-=-=-=-=-=-=-=-=-=-=-=-=-=-=-=-=-= 
22:54:26.482 INFO  =-=-=-=-=-=-=- Loading command(s) -=-=-=-=-=-=-= 
22:54:27.267 INFO  -=-=-=-=-=-=-=-=-=-=-=-=-=-=-=-=-=-=-=-=-=-=-=-=-=-=-=-= 
22:54:27.267 INFO  ✨・SunnyLifeRP#1850, ready to watch [14] users in [1] servers. 
22:54:27.268 INFO  -=-=-=-=-=-=-=-=-=-=-=-=-=-=-=-=-=-=-=-=-=-=-=-=-=-=-=-= 
22:54:32.853 ERROR Unhandled promise rejection: Unknown interaction. 
23:02:22.083 INFO  =-=-=-=-=-=-=- Loading command(s) -=-=-=-=-=-=-= 
23:02:22.875 INFO  -=-=-=-=-=-=-=-=-=-=-=-=-=-=-=-=-=-=-=-=-=-=-=-=-=-=-=-= 
23:02:22.875 INFO  ✨・SunnyLifeRP#1850, ready to watch [14] users in [1] servers. 
23:02:22.876 INFO  -=-=-=-=-=-=-=-=-=-=-=-=-=-=-=-=-=-=-=-=-=-=-=-=-=-=-=-= 
23:02:29.599 ERROR Unhandled promise rejection: Unknown interaction. 
23:02:35.813 INFO  =-=-=-=-=-=-=- Loading command(s) -=-=-=-=-=-=-= 
23:02:36.540 INFO  -=-=-=-=-=-=-=-=-=-=-=-=-=-=-=-=-=-=-=-=-=-=-=-=-=-=-=-= 
23:02:36.541 INFO  ✨・SunnyLifeRP#1850, ready to watch [14] users in [1] servers. 
23:02:36.541 INFO  -=-=-=-=-=-=-=-=-=-=-=-=-=-=-=-=-=-=-=-=-=-=-=-=-=-=-=-= 
23:07:54.321 INFO  =-=-=-=-=-=-=- Loading command(s) -=-=-=-=-=-=-= 
23:07:55.135 INFO  -=-=-=-=-=-=-=-=-=-=-=-=-=-=-=-=-=-=-=-=-=-=-=-=-=-=-=-= 
23:07:55.135 INFO  ✨・SunnyLifeRP#1850, ready to watch [14] users in [1] servers. 
23:07:55.135 INFO  -=-=-=-=-=-=-=-=-=-=-=-=-=-=-=-=-=-=-=-=-=-=-=-=-=-=-=-= 
23:08:13.040 ERROR Unhandled promise rejection: Unknown interaction. 
23:08:20.783 ERROR Unhandled promise rejection: Unknown interaction. 
23:08:24.565 ERROR Unhandled promise rejection: The reply to this interaction has already been sent or deferred.. 
23:08:56.089 INFO  =-=-=-=-=-=-=- Loading command(s) -=-=-=-=-=-=-= 
23:08:56.834 INFO  -=-=-=-=-=-=-=-=-=-=-=-=-=-=-=-=-=-=-=-=-=-=-=-=-=-=-=-= 
23:08:56.834 INFO  ✨・SunnyLifeRP#1850, ready to watch [14] users in [1] servers. 
23:08:56.835 INFO  -=-=-=-=-=-=-=-=-=-=-=-=-=-=-=-=-=-=-=-=-=-=-=-=-=-=-=-= 
23:09:04.879 ERROR Unhandled promise rejection: Unknown interaction. 
23:09:40.534 INFO  =-=-=-=-=-=-=- Loading command(s) -=-=-=-=-=-=-= 
23:09:41.239 INFO  -=-=-=-=-=-=-=-=-=-=-=-=-=-=-=-=-=-=-=-=-=-=-=-=-=-=-=-= 
23:09:41.239 INFO  ✨・SunnyLifeRP#1850, ready to watch [14] users in [1] servers. 
23:09:41.240 INFO  -=-=-=-=-=-=-=-=-=-=-=-=-=-=-=-=-=-=-=-=-=-=-=-=-=-=-=-= 
23:09:44.690 ERROR Unhandled promise rejection: Unknown interaction. 
23:10:14.181 INFO  =-=-=-=-=-=-=- Loading command(s) -=-=-=-=-=-=-= 
23:10:14.949 INFO  -=-=-=-=-=-=-=-=-=-=-=-=-=-=-=-=-=-=-=-=-=-=-=-=-=-=-=-= 
23:10:14.949 INFO  ✨・SunnyLifeRP#1850, ready to watch [14] users in [1] servers. 
23:10:14.949 INFO  -=-=-=-=-=-=-=-=-=-=-=-=-=-=-=-=-=-=-=-=-=-=-=-=-=-=-=-= 
23:12:29.729 INFO  =-=-=-=-=-=-=- Loading command(s) -=-=-=-=-=-=-= 
23:12:30.527 INFO  -=-=-=-=-=-=-=-=-=-=-=-=-=-=-=-=-=-=-=-=-=-=-=-=-=-=-=-= 
23:12:30.528 INFO  ✨・SunnyLifeRP#1850, ready to watch [14] users in [1] servers. 
23:12:30.528 INFO  -=-=-=-=-=-=-=-=-=-=-=-=-=-=-=-=-=-=-=-=-=-=-=-=-=-=-=-= 
23:13:38.843 INFO  =-=-=-=-=-=-=- Loading command(s) -=-=-=-=-=-=-= 
23:13:39.620 INFO  -=-=-=-=-=-=-=-=-=-=-=-=-=-=-=-=-=-=-=-=-=-=-=-=-=-=-=-= 
23:13:39.620 INFO  ✨・SunnyLifeRP#1850, ready to watch [14] users in [1] servers. 
23:13:39.620 INFO  -=-=-=-=-=-=-=-=-=-=-=-=-=-=-=-=-=-=-=-=-=-=-=-=-=-=-=-= 
23:13:47.262 INFO  =-=-=-=-=-=-=- Loading command(s) -=-=-=-=-=-=-= 
23:13:48.019 INFO  -=-=-=-=-=-=-=-=-=-=-=-=-=-=-=-=-=-=-=-=-=-=-=-=-=-=-=-= 
23:13:48.019 INFO  ✨・SunnyLifeRP#1850, ready to watch [14] users in [1] servers. 
23:13:48.020 INFO  -=-=-=-=-=-=-=-=-=-=-=-=-=-=-=-=-=-=-=-=-=-=-=-=-=-=-=-= 
23:19:02.522 INFO  =-=-=-=-=-=-=- Loading command(s) -=-=-=-=-=-=-= 
23:19:03.391 INFO  -=-=-=-=-=-=-=-=-=-=-=-=-=-=-=-=-=-=-=-=-=-=-=-=-=-=-=-= 
23:19:03.391 INFO  ✨・SunnyLifeRP#1850, ready to watch [14] users in [1] servers. 
23:19:03.392 INFO  -=-=-=-=-=-=-=-=-=-=-=-=-=-=-=-=-=-=-=-=-=-=-=-=-=-=-=-= 
23:19:12.527 ERROR Unhandled promise rejection: Unknown interaction. 
23:19:25.017 INFO  =-=-=-=-=-=-=- Loading command(s) -=-=-=-=-=-=-= 
23:19:25.798 INFO  -=-=-=-=-=-=-=-=-=-=-=-=-=-=-=-=-=-=-=-=-=-=-=-=-=-=-=-= 
23:19:25.798 INFO  ✨・SunnyLifeRP#1850, ready to watch [14] users in [1] servers. 
23:19:25.798 INFO  -=-=-=-=-=-=-=-=-=-=-=-=-=-=-=-=-=-=-=-=-=-=-=-=-=-=-=-= 
23:20:17.410 INFO  =-=-=-=-=-=-=- Loading command(s) -=-=-=-=-=-=-= 
23:20:18.714 INFO  -=-=-=-=-=-=-=-=-=-=-=-=-=-=-=-=-=-=-=-=-=-=-=-=-=-=-=-= 
23:20:18.714 INFO  ✨・SunnyLifeRP#1850, ready to watch [14] users in [1] servers. 
23:20:18.715 INFO  -=-=-=-=-=-=-=-=-=-=-=-=-=-=-=-=-=-=-=-=-=-=-=-=-=-=-=-= 

