19:36:02.534 INFO  =-=-=-=-=-=-=- Loading command(s) -=-=-=-=-=-=-= 
19:36:03.404 INFO  -=-=-=-=-=-=-=-=-=-=-=-=-=-=-=-=-=-=-=-=-=-=-=-=-=-=-=-= 
19:36:03.405 INFO  ✨・SunKee#1850, ready to watch [13] users in [1] servers. 
19:36:03.405 INFO  -=-=-=-=-=-=-=-=-=-=-=-=-=-=-=-=-=-=-=-=-=-=-=-=-=-=-=-= 
19:37:34.741 INFO  =-=-=-=-=-=-=- Loading command(s) -=-=-=-=-=-=-= 
19:37:35.542 INFO  -=-=-=-=-=-=-=-=-=-=-=-=-=-=-=-=-=-=-=-=-=-=-=-=-=-=-=-= 
19:37:35.543 INFO  ✨・SunKee#1850, ready to watch [13] users in [1] servers. 
19:37:35.543 INFO  -=-=-=-=-=-=-=-=-=-=-=-=-=-=-=-=-=-=-=-=-=-=-=-=-=-=-=-= 
19:38:00.742 INFO  =-=-=-=-=-=-=- Loading command(s) -=-=-=-=-=-=-= 
19:38:01.511 INFO  =-=-=-=-=-=-=- Loading command(s) -=-=-=-=-=-=-= 
19:38:02.618 INFO  =-=-=-=-=-=-=- Loading command(s) -=-=-=-=-=-=-= 
19:38:03.853 INFO  =-=-=-=-=-=-=- Loading command(s) -=-=-=-=-=-=-= 
19:38:04.614 INFO  =-=-=-=-=-=-=- Loading command(s) -=-=-=-=-=-=-= 
19:38:05.188 INFO  =-=-=-=-=-=-=- Loading command(s) -=-=-=-=-=-=-= 
19:38:06.392 INFO  =-=-=-=-=-=-=- Loading command(s) -=-=-=-=-=-=-= 
19:38:07.780 INFO  =-=-=-=-=-=-=- Loading command(s) -=-=-=-=-=-=-= 
19:38:08.531 INFO  -=-=-=-=-=-=-=-=-=-=-=-=-=-=-=-=-=-=-=-=-=-=-=-=-=-=-=-= 
19:38:08.531 INFO  ✨・SunKee#1850, ready to watch [13] users in [1] servers. 
19:38:08.532 INFO  -=-=-=-=-=-=-=-=-=-=-=-=-=-=-=-=-=-=-=-=-=-=-=-=-=-=-=-= 
19:38:09.228 INFO  =-=-=-=-=-=-=- Loading command(s) -=-=-=-=-=-=-= 
19:38:33.906 INFO  =-=-=-=-=-=-=- Loading command(s) -=-=-=-=-=-=-= 
19:38:34.832 INFO  -=-=-=-=-=-=-=-=-=-=-=-=-=-=-=-=-=-=-=-=-=-=-=-=-=-=-=-= 
19:38:34.832 INFO  ✨・SunKee#1850, ready to watch [13] users in [1] servers. 
19:38:34.833 INFO  -=-=-=-=-=-=-=-=-=-=-=-=-=-=-=-=-=-=-=-=-=-=-=-=-=-=-=-= 
19:39:22.198 INFO  =-=-=-=-=-=-=- Loading command(s) -=-=-=-=-=-=-= 
19:39:22.922 INFO  -=-=-=-=-=-=-=-=-=-=-=-=-=-=-=-=-=-=-=-=-=-=-=-=-=-=-=-= 
19:39:22.923 INFO  ✨・SunKee#1850, ready to watch [13] users in [1] servers. 
19:39:22.923 INFO  -=-=-=-=-=-=-=-=-=-=-=-=-=-=-=-=-=-=-=-=-=-=-=-=-=-=-=-= 
19:40:44.409 INFO  =-=-=-=-=-=-=- Loading command(s) -=-=-=-=-=-=-= 
19:40:45.137 INFO  -=-=-=-=-=-=-=-=-=-=-=-=-=-=-=-=-=-=-=-=-=-=-=-=-=-=-=-= 
19:40:45.138 INFO  ✨・SunKee#1850, ready to watch [13] users in [1] servers. 
19:40:45.138 INFO  -=-=-=-=-=-=-=-=-=-=-=-=-=-=-=-=-=-=-=-=-=-=-=-=-=-=-=-= 
19:43:27.723 INFO  =-=-=-=-=-=-=- Loading command(s) -=-=-=-=-=-=-= 
19:43:28.541 INFO  -=-=-=-=-=-=-=-=-=-=-=-=-=-=-=-=-=-=-=-=-=-=-=-=-=-=-=-= 
19:43:28.541 INFO  ✨・SunKee#1850, ready to watch [13] users in [1] servers. 
19:43:28.541 INFO  -=-=-=-=-=-=-=-=-=-=-=-=-=-=-=-=-=-=-=-=-=-=-=-=-=-=-=-= 
19:44:08.941 INFO  =-=-=-=-=-=-=- Loading command(s) -=-=-=-=-=-=-= 
19:44:09.664 INFO  -=-=-=-=-=-=-=-=-=-=-=-=-=-=-=-=-=-=-=-=-=-=-=-=-=-=-=-= 
19:44:09.664 INFO  ✨・SunKee#1850, ready to watch [13] users in [1] servers. 
19:44:09.665 INFO  -=-=-=-=-=-=-=-=-=-=-=-=-=-=-=-=-=-=-=-=-=-=-=-=-=-=-=-= 
19:45:27.690 INFO  =-=-=-=-=-=-=- Loading command(s) -=-=-=-=-=-=-= 
19:45:28.392 INFO  -=-=-=-=-=-=-=-=-=-=-=-=-=-=-=-=-=-=-=-=-=-=-=-=-=-=-=-= 
19:45:28.393 INFO  ✨・SunKee#1850, ready to watch [13] users in [1] servers. 
19:45:28.393 INFO  -=-=-=-=-=-=-=-=-=-=-=-=-=-=-=-=-=-=-=-=-=-=-=-=-=-=-=-= 
19:47:54.214 INFO  =-=-=-=-=-=-=- Loading command(s) -=-=-=-=-=-=-= 
19:47:55.253 INFO  -=-=-=-=-=-=-=-=-=-=-=-=-=-=-=-=-=-=-=-=-=-=-=-=-=-=-=-= 
19:47:55.254 INFO  ✨・SunKee#1850, ready to watch [13] users in [1] servers. 
19:47:55.254 INFO  -=-=-=-=-=-=-=-=-=-=-=-=-=-=-=-=-=-=-=-=-=-=-=-=-=-=-=-= 
19:50:17.314 INFO  =-=-=-=-=-=-=- Loading command(s) -=-=-=-=-=-=-= 
19:50:18.727 INFO  -=-=-=-=-=-=-=-=-=-=-=-=-=-=-=-=-=-=-=-=-=-=-=-=-=-=-=-= 
19:50:18.727 INFO  ✨・SunKee#1850, ready to watch [13] users in [1] servers. 
19:50:18.728 INFO  -=-=-=-=-=-=-=-=-=-=-=-=-=-=-=-=-=-=-=-=-=-=-=-=-=-=-=-= 
19:51:14.409 INFO  =-=-=-=-=-=-=- Loading command(s) -=-=-=-=-=-=-= 
19:51:15.173 INFO  -=-=-=-=-=-=-=-=-=-=-=-=-=-=-=-=-=-=-=-=-=-=-=-=-=-=-=-= 
19:51:15.173 INFO  ✨・SunKee#1850, ready to watch [13] users in [1] servers. 
19:51:15.173 INFO  -=-=-=-=-=-=-=-=-=-=-=-=-=-=-=-=-=-=-=-=-=-=-=-=-=-=-=-= 
19:53:14.310 INFO  =-=-=-=-=-=-=- Loading command(s) -=-=-=-=-=-=-= 
19:53:15.009 INFO  -=-=-=-=-=-=-=-=-=-=-=-=-=-=-=-=-=-=-=-=-=-=-=-=-=-=-=-= 
19:53:15.009 INFO  ✨・SunKee#1850, ready to watch [13] users in [1] servers. 
19:53:15.010 INFO  -=-=-=-=-=-=-=-=-=-=-=-=-=-=-=-=-=-=-=-=-=-=-=-=-=-=-=-= 
19:55:48.303 INFO  =-=-=-=-=-=-=- Loading command(s) -=-=-=-=-=-=-= 
19:55:49.075 INFO  -=-=-=-=-=-=-=-=-=-=-=-=-=-=-=-=-=-=-=-=-=-=-=-=-=-=-=-= 
19:55:49.076 INFO  ✨・SunKee#1850, ready to watch [13] users in [1] servers. 
19:55:49.076 INFO  -=-=-=-=-=-=-=-=-=-=-=-=-=-=-=-=-=-=-=-=-=-=-=-=-=-=-=-= 
19:56:07.567 INFO  =-=-=-=-=-=-=- Loading command(s) -=-=-=-=-=-=-= 
19:56:08.671 INFO  -=-=-=-=-=-=-=-=-=-=-=-=-=-=-=-=-=-=-=-=-=-=-=-=-=-=-=-= 
19:56:08.671 INFO  ✨・SunKee#1850, ready to watch [13] users in [1] servers. 
19:56:08.671 INFO  -=-=-=-=-=-=-=-=-=-=-=-=-=-=-=-=-=-=-=-=-=-=-=-=-=-=-=-= 
19:58:22.832 INFO  =-=-=-=-=-=-=- Loading command(s) -=-=-=-=-=-=-= 
19:58:23.600 INFO  -=-=-=-=-=-=-=-=-=-=-=-=-=-=-=-=-=-=-=-=-=-=-=-=-=-=-=-= 
19:58:23.601 INFO  ✨・SunKee#1850, ready to watch [13] users in [1] servers. 
19:58:23.601 INFO  -=-=-=-=-=-=-=-=-=-=-=-=-=-=-=-=-=-=-=-=-=-=-=-=-=-=-=-= 
19:58:29.066 INFO  =-=-=-=-=-=-=- Loading command(s) -=-=-=-=-=-=-= 
19:58:29.870 INFO  -=-=-=-=-=-=-=-=-=-=-=-=-=-=-=-=-=-=-=-=-=-=-=-=-=-=-=-= 
19:58:29.871 INFO  ✨・SunKee#1850, ready to watch [13] users in [1] servers. 
19:58:29.871 INFO  -=-=-=-=-=-=-=-=-=-=-=-=-=-=-=-=-=-=-=-=-=-=-=-=-=-=-=-= 
19:59:03.410 INFO  =-=-=-=-=-=-=- Loading command(s) -=-=-=-=-=-=-= 
19:59:04.166 INFO  -=-=-=-=-=-=-=-=-=-=-=-=-=-=-=-=-=-=-=-=-=-=-=-=-=-=-=-= 
19:59:04.166 INFO  ✨・SunKee#1850, ready to watch [13] users in [1] servers. 
19:59:04.167 INFO  -=-=-=-=-=-=-=-=-=-=-=-=-=-=-=-=-=-=-=-=-=-=-=-=-=-=-=-= 
19:59:09.104 INFO  =-=-=-=-=-=-=- Loading command(s) -=-=-=-=-=-=-= 
19:59:10.200 INFO  -=-=-=-=-=-=-=-=-=-=-=-=-=-=-=-=-=-=-=-=-=-=-=-=-=-=-=-= 
19:59:10.232 INFO  ✨・SunKee#1850, ready to watch [13] users in [1] servers. 
19:59:10.235 INFO  -=-=-=-=-=-=-=-=-=-=-=-=-=-=-=-=-=-=-=-=-=-=-=-=-=-=-=-= 
19:59:28.632 INFO  =-=-=-=-=-=-=- Loading command(s) -=-=-=-=-=-=-= 
19:59:29.382 INFO  -=-=-=-=-=-=-=-=-=-=-=-=-=-=-=-=-=-=-=-=-=-=-=-=-=-=-=-= 
19:59:29.382 INFO  ✨・SunKee#1850, ready to watch [13] users in [1] servers. 
19:59:29.383 INFO  -=-=-=-=-=-=-=-=-=-=-=-=-=-=-=-=-=-=-=-=-=-=-=-=-=-=-=-= 
19:59:37.727 INFO  =-=-=-=-=-=-=- Loading command(s) -=-=-=-=-=-=-= 
19:59:38.515 INFO  -=-=-=-=-=-=-=-=-=-=-=-=-=-=-=-=-=-=-=-=-=-=-=-=-=-=-=-= 
19:59:38.516 INFO  ✨・SunKee#1850, ready to watch [13] users in [1] servers. 
19:59:38.516 INFO  -=-=-=-=-=-=-=-=-=-=-=-=-=-=-=-=-=-=-=-=-=-=-=-=-=-=-=-= 
20:00:13.074 INFO  =-=-=-=-=-=-=- Loading command(s) -=-=-=-=-=-=-= 
20:00:13.786 INFO  -=-=-=-=-=-=-=-=-=-=-=-=-=-=-=-=-=-=-=-=-=-=-=-=-=-=-=-= 
20:00:13.787 INFO  ✨・SunKee#1850, ready to watch [13] users in [1] servers. 
20:00:13.787 INFO  -=-=-=-=-=-=-=-=-=-=-=-=-=-=-=-=-=-=-=-=-=-=-=-=-=-=-=-= 
20:02:45.156 INFO  =-=-=-=-=-=-=- Loading command(s) -=-=-=-=-=-=-= 
20:02:45.937 INFO  -=-=-=-=-=-=-=-=-=-=-=-=-=-=-=-=-=-=-=-=-=-=-=-=-=-=-=-= 
20:02:45.938 INFO  ✨・SunKee#1850, ready to watch [13] users in [1] servers. 
20:02:45.938 INFO  -=-=-=-=-=-=-=-=-=-=-=-=-=-=-=-=-=-=-=-=-=-=-=-=-=-=-=-= 
20:03:53.721 INFO  =-=-=-=-=-=-=- Loading command(s) -=-=-=-=-=-=-= 
20:03:54.468 INFO  -=-=-=-=-=-=-=-=-=-=-=-=-=-=-=-=-=-=-=-=-=-=-=-=-=-=-=-= 
20:03:54.469 INFO  ✨・SunKee#1850, ready to watch [13] users in [1] servers. 
20:03:54.469 INFO  -=-=-=-=-=-=-=-=-=-=-=-=-=-=-=-=-=-=-=-=-=-=-=-=-=-=-=-= 
20:04:00.888 ERROR Unhandled promise rejection: Cannot read properties of undefined (reading 'get'). 
20:05:15.797 INFO  =-=-=-=-=-=-=- Loading command(s) -=-=-=-=-=-=-= 
20:05:16.544 INFO  -=-=-=-=-=-=-=-=-=-=-=-=-=-=-=-=-=-=-=-=-=-=-=-=-=-=-=-= 
20:05:16.545 INFO  ✨・SunKee#1850, ready to watch [13] users in [1] servers. 
20:05:16.545 INFO  -=-=-=-=-=-=-=-=-=-=-=-=-=-=-=-=-=-=-=-=-=-=-=-=-=-=-=-= 
20:05:19.761 INFO  =-=-=-=-=-=-=- Loading command(s) -=-=-=-=-=-=-= 
20:05:26.630 INFO  -=-=-=-=-=-=-=-=-=-=-=-=-=-=-=-=-=-=-=-=-=-=-=-=-=-=-=-= 
20:05:26.631 INFO  ✨・SunKee#1850, ready to watch [13] users in [1] servers. 
20:05:26.631 INFO  -=-=-=-=-=-=-=-=-=-=-=-=-=-=-=-=-=-=-=-=-=-=-=-=-=-=-=-= 
20:05:34.165 INFO  =-=-=-=-=-=-=- Loading command(s) -=-=-=-=-=-=-= 
20:05:35.073 INFO  -=-=-=-=-=-=-=-=-=-=-=-=-=-=-=-=-=-=-=-=-=-=-=-=-=-=-=-= 
20:05:35.074 INFO  ✨・SunKee#1850, ready to watch [13] users in [1] servers. 
20:05:35.074 INFO  -=-=-=-=-=-=-=-=-=-=-=-=-=-=-=-=-=-=-=-=-=-=-=-=-=-=-=-= 
20:06:26.890 INFO  =-=-=-=-=-=-=- Loading command(s) -=-=-=-=-=-=-= 
20:06:27.666 INFO  -=-=-=-=-=-=-=-=-=-=-=-=-=-=-=-=-=-=-=-=-=-=-=-=-=-=-=-= 
20:06:27.666 INFO  ✨・SunKee#1850, ready to watch [13] users in [1] servers. 
20:06:27.666 INFO  -=-=-=-=-=-=-=-=-=-=-=-=-=-=-=-=-=-=-=-=-=-=-=-=-=-=-=-= 
20:06:30.176 ERROR Unhandled promise rejection: Cannot read properties of undefined (reading 'get'). 
20:07:24.861 INFO  =-=-=-=-=-=-=- Loading command(s) -=-=-=-=-=-=-= 
20:07:25.728 INFO  -=-=-=-=-=-=-=-=-=-=-=-=-=-=-=-=-=-=-=-=-=-=-=-=-=-=-=-= 
20:07:25.729 INFO  ✨・SunKee#1850, ready to watch [13] users in [1] servers. 
20:07:25.729 INFO  -=-=-=-=-=-=-=-=-=-=-=-=-=-=-=-=-=-=-=-=-=-=-=-=-=-=-=-= 
20:07:32.639 INFO  =-=-=-=-=-=-=- Loading command(s) -=-=-=-=-=-=-= 
20:07:33.526 INFO  -=-=-=-=-=-=-=-=-=-=-=-=-=-=-=-=-=-=-=-=-=-=-=-=-=-=-=-= 
20:07:33.526 INFO  ✨・SunKee#1850, ready to watch [13] users in [1] servers. 
20:07:33.527 INFO  -=-=-=-=-=-=-=-=-=-=-=-=-=-=-=-=-=-=-=-=-=-=-=-=-=-=-=-= 
20:07:35.220 INFO  =-=-=-=-=-=-=- Loading command(s) -=-=-=-=-=-=-= 
20:07:43.606 INFO  -=-=-=-=-=-=-=-=-=-=-=-=-=-=-=-=-=-=-=-=-=-=-=-=-=-=-=-= 
20:07:43.607 INFO  ✨・SunKee#1850, ready to watch [13] users in [1] servers. 
20:07:43.607 INFO  -=-=-=-=-=-=-=-=-=-=-=-=-=-=-=-=-=-=-=-=-=-=-=-=-=-=-=-= 
20:07:53.838 INFO  =-=-=-=-=-=-=- Loading command(s) -=-=-=-=-=-=-= 
20:07:54.604 INFO  -=-=-=-=-=-=-=-=-=-=-=-=-=-=-=-=-=-=-=-=-=-=-=-=-=-=-=-= 
20:07:54.605 INFO  ✨・SunKee#1850, ready to watch [13] users in [1] servers. 
20:07:54.605 INFO  -=-=-=-=-=-=-=-=-=-=-=-=-=-=-=-=-=-=-=-=-=-=-=-=-=-=-=-= 
20:08:19.606 ERROR Unhandled promise rejection: Cannot read properties of undefined (reading 'serverlist'). 
20:08:36.565 INFO  =-=-=-=-=-=-=- Loading command(s) -=-=-=-=-=-=-= 
20:08:37.324 INFO  -=-=-=-=-=-=-=-=-=-=-=-=-=-=-=-=-=-=-=-=-=-=-=-=-=-=-=-= 
20:08:37.324 INFO  ✨・SunKee#1850, ready to watch [13] users in [1] servers. 
20:08:37.325 INFO  -=-=-=-=-=-=-=-=-=-=-=-=-=-=-=-=-=-=-=-=-=-=-=-=-=-=-=-= 
20:10:25.350 INFO  =-=-=-=-=-=-=- Loading command(s) -=-=-=-=-=-=-= 
20:10:26.188 INFO  -=-=-=-=-=-=-=-=-=-=-=-=-=-=-=-=-=-=-=-=-=-=-=-=-=-=-=-= 
20:10:26.189 INFO  ✨・SunKee#1850, ready to watch [13] users in [1] servers. 
20:10:26.189 INFO  -=-=-=-=-=-=-=-=-=-=-=-=-=-=-=-=-=-=-=-=-=-=-=-=-=-=-=-= 
20:10:56.143 INFO  =-=-=-=-=-=-=- Loading command(s) -=-=-=-=-=-=-= 
20:10:57.045 INFO  -=-=-=-=-=-=-=-=-=-=-=-=-=-=-=-=-=-=-=-=-=-=-=-=-=-=-=-= 
20:10:57.046 INFO  ✨・SunKee#1850, ready to watch [13] users in [1] servers. 
20:10:57.046 INFO  -=-=-=-=-=-=-=-=-=-=-=-=-=-=-=-=-=-=-=-=-=-=-=-=-=-=-=-= 
20:11:26.141 INFO  =-=-=-=-=-=-=- Loading command(s) -=-=-=-=-=-=-= 
20:11:26.895 INFO  -=-=-=-=-=-=-=-=-=-=-=-=-=-=-=-=-=-=-=-=-=-=-=-=-=-=-=-= 
20:11:26.896 INFO  ✨・SunKee#1850, ready to watch [13] users in [1] servers. 
20:11:26.896 INFO  -=-=-=-=-=-=-=-=-=-=-=-=-=-=-=-=-=-=-=-=-=-=-=-=-=-=-=-= 
20:11:29.010 ERROR Unhandled promise rejection: Cannot read properties of undefined (reading 'toLocaleLowerCase'). 
20:12:04.333 INFO  =-=-=-=-=-=-=- Loading command(s) -=-=-=-=-=-=-= 
20:12:05.087 INFO  -=-=-=-=-=-=-=-=-=-=-=-=-=-=-=-=-=-=-=-=-=-=-=-=-=-=-=-= 
20:12:05.088 INFO  ✨・SunKee#1850, ready to watch [13] users in [1] servers. 
20:12:05.088 INFO  -=-=-=-=-=-=-=-=-=-=-=-=-=-=-=-=-=-=-=-=-=-=-=-=-=-=-=-= 
20:12:40.660 INFO  =-=-=-=-=-=-=- Loading command(s) -=-=-=-=-=-=-= 
20:12:41.444 INFO  -=-=-=-=-=-=-=-=-=-=-=-=-=-=-=-=-=-=-=-=-=-=-=-=-=-=-=-= 
20:12:41.445 INFO  ✨・SunKee#1850, ready to watch [12] users in [1] servers. 
20:12:41.445 INFO  -=-=-=-=-=-=-=-=-=-=-=-=-=-=-=-=-=-=-=-=-=-=-=-=-=-=-=-= 
20:14:33.720 INFO  =-=-=-=-=-=-=- Loading command(s) -=-=-=-=-=-=-= 
20:14:34.448 INFO  -=-=-=-=-=-=-=-=-=-=-=-=-=-=-=-=-=-=-=-=-=-=-=-=-=-=-=-= 
20:14:34.449 INFO  ✨・SunKee#1850, ready to watch [12] users in [1] servers. 
20:14:34.449 INFO  -=-=-=-=-=-=-=-=-=-=-=-=-=-=-=-=-=-=-=-=-=-=-=-=-=-=-=-= 
20:14:37.736 INFO  =-=-=-=-=-=-=- Loading command(s) -=-=-=-=-=-=-= 
20:14:44.582 INFO  -=-=-=-=-=-=-=-=-=-=-=-=-=-=-=-=-=-=-=-=-=-=-=-=-=-=-=-= 
20:14:44.583 INFO  ✨・SunKee#1850, ready to watch [12] users in [1] servers. 
20:14:44.583 INFO  -=-=-=-=-=-=-=-=-=-=-=-=-=-=-=-=-=-=-=-=-=-=-=-=-=-=-=-= 
20:14:58.889 INFO  =-=-=-=-=-=-=- Loading command(s) -=-=-=-=-=-=-= 
20:14:59.879 INFO  -=-=-=-=-=-=-=-=-=-=-=-=-=-=-=-=-=-=-=-=-=-=-=-=-=-=-=-= 
20:14:59.880 INFO  ✨・SunKee#1850, ready to watch [12] users in [1] servers. 
20:14:59.881 INFO  -=-=-=-=-=-=-=-=-=-=-=-=-=-=-=-=-=-=-=-=-=-=-=-=-=-=-=-= 
20:15:06.704 INFO  =-=-=-=-=-=-=- Loading command(s) -=-=-=-=-=-=-= 
20:15:07.634 INFO  =-=-=-=-=-=-=- Loading command(s) -=-=-=-=-=-=-= 
20:15:17.558 INFO  -=-=-=-=-=-=-=-=-=-=-=-=-=-=-=-=-=-=-=-=-=-=-=-=-=-=-=-= 
20:15:17.559 INFO  ✨・SunKee#1850, ready to watch [12] users in [1] servers. 
20:15:17.559 INFO  -=-=-=-=-=-=-=-=-=-=-=-=-=-=-=-=-=-=-=-=-=-=-=-=-=-=-=-= 
20:15:20.482 INFO  =-=-=-=-=-=-=- Loading command(s) -=-=-=-=-=-=-= 
20:15:26.434 INFO  =-=-=-=-=-=-=- Loading command(s) -=-=-=-=-=-=-= 
20:15:27.751 INFO  -=-=-=-=-=-=-=-=-=-=-=-=-=-=-=-=-=-=-=-=-=-=-=-=-=-=-=-= 
20:15:27.751 INFO  ✨・SunKee#1850, ready to watch [12] users in [1] servers. 
20:15:27.751 INFO  -=-=-=-=-=-=-=-=-=-=-=-=-=-=-=-=-=-=-=-=-=-=-=-=-=-=-=-= 
20:15:36.860 INFO  =-=-=-=-=-=-=- Loading command(s) -=-=-=-=-=-=-= 
20:15:37.778 INFO  -=-=-=-=-=-=-=-=-=-=-=-=-=-=-=-=-=-=-=-=-=-=-=-=-=-=-=-= 
20:15:37.787 INFO  ✨・SunKee#1850, ready to watch [12] users in [1] servers. 
20:15:37.787 INFO  -=-=-=-=-=-=-=-=-=-=-=-=-=-=-=-=-=-=-=-=-=-=-=-=-=-=-=-= 
20:15:40.124 INFO  =-=-=-=-=-=-=- Loading command(s) -=-=-=-=-=-=-= 
20:15:47.888 INFO  -=-=-=-=-=-=-=-=-=-=-=-=-=-=-=-=-=-=-=-=-=-=-=-=-=-=-=-= 
20:15:47.888 INFO  ✨・SunKee#1850, ready to watch [12] users in [1] servers. 
20:15:47.888 INFO  -=-=-=-=-=-=-=-=-=-=-=-=-=-=-=-=-=-=-=-=-=-=-=-=-=-=-=-= 
20:15:50.962 INFO  =-=-=-=-=-=-=- Loading command(s) -=-=-=-=-=-=-= 
20:15:53.199 INFO  =-=-=-=-=-=-=- Loading command(s) -=-=-=-=-=-=-= 
20:15:54.110 INFO  -=-=-=-=-=-=-=-=-=-=-=-=-=-=-=-=-=-=-=-=-=-=-=-=-=-=-=-= 
20:15:54.111 INFO  ✨・SunKee#1850, ready to watch [12] users in [1] servers. 
20:15:54.111 INFO  -=-=-=-=-=-=-=-=-=-=-=-=-=-=-=-=-=-=-=-=-=-=-=-=-=-=-=-= 
20:16:06.908 INFO  =-=-=-=-=-=-=- Loading command(s) -=-=-=-=-=-=-= 
20:16:07.685 INFO  -=-=-=-=-=-=-=-=-=-=-=-=-=-=-=-=-=-=-=-=-=-=-=-=-=-=-=-= 
20:16:07.685 INFO  ✨・SunKee#1850, ready to watch [12] users in [1] servers. 
20:16:07.685 INFO  -=-=-=-=-=-=-=-=-=-=-=-=-=-=-=-=-=-=-=-=-=-=-=-=-=-=-=-= 
20:16:08.829 INFO  =-=-=-=-=-=-=- Loading command(s) -=-=-=-=-=-=-= 
20:16:17.889 INFO  -=-=-=-=-=-=-=-=-=-=-=-=-=-=-=-=-=-=-=-=-=-=-=-=-=-=-=-= 
20:16:17.890 INFO  ✨・SunKee#1850, ready to watch [12] users in [1] servers. 
20:16:17.890 INFO  -=-=-=-=-=-=-=-=-=-=-=-=-=-=-=-=-=-=-=-=-=-=-=-=-=-=-=-= 
20:19:43.042 INFO  =-=-=-=-=-=-=- Loading command(s) -=-=-=-=-=-=-= 
20:19:43.819 INFO  -=-=-=-=-=-=-=-=-=-=-=-=-=-=-=-=-=-=-=-=-=-=-=-=-=-=-=-= 
20:19:43.820 INFO  ✨・SunKee#1850, ready to watch [12] users in [1] servers. 
20:19:43.820 INFO  -=-=-=-=-=-=-=-=-=-=-=-=-=-=-=-=-=-=-=-=-=-=-=-=-=-=-=-= 
20:19:49.343 INFO  =-=-=-=-=-=-=- Loading command(s) -=-=-=-=-=-=-= 
20:19:50.408 INFO  -=-=-=-=-=-=-=-=-=-=-=-=-=-=-=-=-=-=-=-=-=-=-=-=-=-=-=-= 
20:19:50.408 INFO  ✨・SunKee#1850, ready to watch [12] users in [1] servers. 
20:19:50.409 INFO  -=-=-=-=-=-=-=-=-=-=-=-=-=-=-=-=-=-=-=-=-=-=-=-=-=-=-=-= 
20:20:01.392 INFO  =-=-=-=-=-=-=- Loading command(s) -=-=-=-=-=-=-= 
20:20:02.216 INFO  -=-=-=-=-=-=-=-=-=-=-=-=-=-=-=-=-=-=-=-=-=-=-=-=-=-=-=-= 
20:20:02.216 INFO  ✨・SunKee#1850, ready to watch [12] users in [1] servers. 
20:20:02.216 INFO  -=-=-=-=-=-=-=-=-=-=-=-=-=-=-=-=-=-=-=-=-=-=-=-=-=-=-=-= 
20:20:06.895 INFO  =-=-=-=-=-=-=- Loading command(s) -=-=-=-=-=-=-= 
20:20:07.692 INFO  -=-=-=-=-=-=-=-=-=-=-=-=-=-=-=-=-=-=-=-=-=-=-=-=-=-=-=-= 
20:20:07.692 INFO  ✨・SunKee#1850, ready to watch [12] users in [1] servers. 
20:20:07.692 INFO  -=-=-=-=-=-=-=-=-=-=-=-=-=-=-=-=-=-=-=-=-=-=-=-=-=-=-=-= 
20:22:11.974 INFO  =-=-=-=-=-=-=- Loading command(s) -=-=-=-=-=-=-= 
20:22:13.091 INFO  -=-=-=-=-=-=-=-=-=-=-=-=-=-=-=-=-=-=-=-=-=-=-=-=-=-=-=-= 
20:22:13.092 INFO  ✨・SunKee#1850, ready to watch [12] users in [1] servers. 
20:22:13.092 INFO  -=-=-=-=-=-=-=-=-=-=-=-=-=-=-=-=-=-=-=-=-=-=-=-=-=-=-=-= 
20:23:33.245 INFO  =-=-=-=-=-=-=- Loading command(s) -=-=-=-=-=-=-= 
20:23:34.070 INFO  -=-=-=-=-=-=-=-=-=-=-=-=-=-=-=-=-=-=-=-=-=-=-=-=-=-=-=-= 
20:23:34.071 INFO  ✨・SunKee#1850, ready to watch [12] users in [1] servers. 
20:23:34.071 INFO  -=-=-=-=-=-=-=-=-=-=-=-=-=-=-=-=-=-=-=-=-=-=-=-=-=-=-=-= 
20:23:47.815 INFO  =-=-=-=-=-=-=- Loading command(s) -=-=-=-=-=-=-= 
20:23:48.795 INFO  -=-=-=-=-=-=-=-=-=-=-=-=-=-=-=-=-=-=-=-=-=-=-=-=-=-=-=-= 
20:23:48.795 INFO  ✨・SunKee#1850, ready to watch [12] users in [1] servers. 
20:23:48.795 INFO  -=-=-=-=-=-=-=-=-=-=-=-=-=-=-=-=-=-=-=-=-=-=-=-=-=-=-=-= 
20:24:03.259 INFO  =-=-=-=-=-=-=- Loading command(s) -=-=-=-=-=-=-= 
20:24:04.346 INFO  -=-=-=-=-=-=-=-=-=-=-=-=-=-=-=-=-=-=-=-=-=-=-=-=-=-=-=-= 
20:24:04.346 INFO  ✨・SunKee#1850, ready to watch [12] users in [1] servers. 
20:24:04.347 INFO  -=-=-=-=-=-=-=-=-=-=-=-=-=-=-=-=-=-=-=-=-=-=-=-=-=-=-=-= 
20:24:51.590 INFO  =-=-=-=-=-=-=- Loading command(s) -=-=-=-=-=-=-= 
20:24:52.462 INFO  -=-=-=-=-=-=-=-=-=-=-=-=-=-=-=-=-=-=-=-=-=-=-=-=-=-=-=-= 
20:24:52.462 INFO  ✨・SunKee#1850, ready to watch [12] users in [1] servers. 
20:24:52.462 INFO  -=-=-=-=-=-=-=-=-=-=-=-=-=-=-=-=-=-=-=-=-=-=-=-=-=-=-=-= 
20:25:24.277 INFO  =-=-=-=-=-=-=- Loading command(s) -=-=-=-=-=-=-= 
20:25:25.084 INFO  -=-=-=-=-=-=-=-=-=-=-=-=-=-=-=-=-=-=-=-=-=-=-=-=-=-=-=-= 
20:25:25.084 INFO  ✨・SunKee#1850, ready to watch [12] users in [1] servers. 
20:25:25.084 INFO  -=-=-=-=-=-=-=-=-=-=-=-=-=-=-=-=-=-=-=-=-=-=-=-=-=-=-=-= 
20:26:01.312 INFO  =-=-=-=-=-=-=- Loading command(s) -=-=-=-=-=-=-= 
20:26:02.325 INFO  -=-=-=-=-=-=-=-=-=-=-=-=-=-=-=-=-=-=-=-=-=-=-=-=-=-=-=-= 
20:26:02.325 INFO  ✨・SunKee#1850, ready to watch [12] users in [1] servers. 
20:26:02.326 INFO  -=-=-=-=-=-=-=-=-=-=-=-=-=-=-=-=-=-=-=-=-=-=-=-=-=-=-=-= 
20:26:23.175 INFO  =-=-=-=-=-=-=- Loading command(s) -=-=-=-=-=-=-= 
20:26:24.097 INFO  -=-=-=-=-=-=-=-=-=-=-=-=-=-=-=-=-=-=-=-=-=-=-=-=-=-=-=-= 
20:26:24.098 INFO  ✨・SunKee#1850, ready to watch [12] users in [1] servers. 
20:26:24.098 INFO  -=-=-=-=-=-=-=-=-=-=-=-=-=-=-=-=-=-=-=-=-=-=-=-=-=-=-=-= 
20:26:29.306 INFO  =-=-=-=-=-=-=- Loading command(s) -=-=-=-=-=-=-= 
20:26:30.444 INFO  -=-=-=-=-=-=-=-=-=-=-=-=-=-=-=-=-=-=-=-=-=-=-=-=-=-=-=-= 
20:26:30.444 INFO  ✨・SunKee#1850, ready to watch [12] users in [1] servers. 
20:26:30.444 INFO  -=-=-=-=-=-=-=-=-=-=-=-=-=-=-=-=-=-=-=-=-=-=-=-=-=-=-=-= 
20:28:32.017 INFO  =-=-=-=-=-=-=- Loading command(s) -=-=-=-=-=-=-= 
20:28:32.768 INFO  -=-=-=-=-=-=-=-=-=-=-=-=-=-=-=-=-=-=-=-=-=-=-=-=-=-=-=-= 
20:28:32.768 INFO  ✨・SunKee#1850, ready to watch [12] users in [1] servers. 
20:28:32.769 INFO  -=-=-=-=-=-=-=-=-=-=-=-=-=-=-=-=-=-=-=-=-=-=-=-=-=-=-=-= 
20:30:26.273 INFO  =-=-=-=-=-=-=- Loading command(s) -=-=-=-=-=-=-= 
20:30:27.091 INFO  -=-=-=-=-=-=-=-=-=-=-=-=-=-=-=-=-=-=-=-=-=-=-=-=-=-=-=-= 
20:30:27.091 INFO  ✨・SunKee#1850, ready to watch [12] users in [1] servers. 
20:30:27.092 INFO  -=-=-=-=-=-=-=-=-=-=-=-=-=-=-=-=-=-=-=-=-=-=-=-=-=-=-=-= 
20:31:01.129 INFO  =-=-=-=-=-=-=- Loading command(s) -=-=-=-=-=-=-= 
20:31:01.876 INFO  -=-=-=-=-=-=-=-=-=-=-=-=-=-=-=-=-=-=-=-=-=-=-=-=-=-=-=-= 
20:31:01.876 INFO  ✨・SunKee#1850, ready to watch [12] users in [1] servers. 
20:31:01.877 INFO  -=-=-=-=-=-=-=-=-=-=-=-=-=-=-=-=-=-=-=-=-=-=-=-=-=-=-=-= 
20:32:30.635 INFO  =-=-=-=-=-=-=- Loading command(s) -=-=-=-=-=-=-= 
20:32:31.361 INFO  -=-=-=-=-=-=-=-=-=-=-=-=-=-=-=-=-=-=-=-=-=-=-=-=-=-=-=-= 
20:32:31.362 INFO  ✨・SunKee#1850, ready to watch [12] users in [1] servers. 
20:32:31.362 INFO  -=-=-=-=-=-=-=-=-=-=-=-=-=-=-=-=-=-=-=-=-=-=-=-=-=-=-=-= 
20:35:10.360 INFO  =-=-=-=-=-=-=- Loading command(s) -=-=-=-=-=-=-= 
20:35:11.473 INFO  -=-=-=-=-=-=-=-=-=-=-=-=-=-=-=-=-=-=-=-=-=-=-=-=-=-=-=-= 
20:35:11.473 INFO  ✨・SunKee#1850, ready to watch [12] users in [1] servers. 
20:35:11.474 INFO  -=-=-=-=-=-=-=-=-=-=-=-=-=-=-=-=-=-=-=-=-=-=-=-=-=-=-=-= 
20:35:11.475 ERROR Unhandled promise rejection: Cannot read properties of undefined (reading 'connect'). 
20:35:47.649 INFO  =-=-=-=-=-=-=- Loading command(s) -=-=-=-=-=-=-= 
20:35:48.434 INFO  -=-=-=-=-=-=-=-=-=-=-=-=-=-=-=-=-=-=-=-=-=-=-=-=-=-=-=-= 
20:35:48.434 INFO  ✨・SunKee#1850, ready to watch [12] users in [1] servers. 
20:35:48.435 INFO  -=-=-=-=-=-=-=-=-=-=-=-=-=-=-=-=-=-=-=-=-=-=-=-=-=-=-=-= 
20:40:12.677 INFO  =-=-=-=-=-=-=- Loading command(s) -=-=-=-=-=-=-= 
20:40:44.944 INFO  =-=-=-=-=-=-=- Loading command(s) -=-=-=-=-=-=-= 
20:40:45.396 ERROR Unhandled promise rejection: option usefindandmodify is not supported. 
20:40:45.993 INFO  -=-=-=-=-=-=-=-=-=-=-=-=-=-=-=-=-=-=-=-=-=-=-=-=-=-=-=-= 
20:40:45.993 INFO  ✨・SunKee#1850, ready to watch [12] users in [1] servers. 
20:40:45.994 INFO  -=-=-=-=-=-=-=-=-=-=-=-=-=-=-=-=-=-=-=-=-=-=-=-=-=-=-=-= 
20:43:45.747 INFO  =-=-=-=-=-=-=- Loading command(s) -=-=-=-=-=-=-= 
20:43:46.521 INFO  -=-=-=-=-=-=-=-=-=-=-=-=-=-=-=-=-=-=-=-=-=-=-=-=-=-=-=-= 
20:43:46.525 INFO  ✨・SunKee#1850, ready to watch [12] users in [1] servers. 
20:43:46.525 INFO  -=-=-=-=-=-=-=-=-=-=-=-=-=-=-=-=-=-=-=-=-=-=-=-=-=-=-=-= 
